starting
using cuda
epoch 0 loss: nan
	valid loss: nan
epoch 1 loss: nan
	valid loss: nan
epoch 2 loss: nan
	valid loss: nan
epoch 3 loss: nan
	valid loss: nan
epoch 4 loss: nan
	valid loss: nan
epoch 5 loss: nan
	valid loss: nan
epoch 6 loss: nan
	valid loss: nan
epoch 7 loss: nan
	valid loss: nan
epoch 8 loss: nan
	valid loss: nan
epoch 9 loss: nan
	valid loss: nan
epoch 10 loss: nan
	valid loss: nan
epoch 11 loss: nan
	valid loss: nan
epoch 12 loss: nan
	valid loss: nan
epoch 13 loss: nan
	valid loss: nan
epoch 14 loss: nan
	valid loss: nan
epoch 15 loss: nan
	valid loss: nan
epoch 16 loss: nan
	valid loss: nan
epoch 17 loss: nan
	valid loss: nan
epoch 18 loss: nan
	valid loss: nan
epoch 19 loss: nan
	valid loss: nan
epoch 20 loss: nan
	valid loss: nan
epoch 21 loss: nan
	valid loss: nan
epoch 22 loss: nan
	valid loss: nan
epoch 23 loss: nan
	valid loss: nan
epoch 24 loss: nan
	valid loss: nan
epoch 25 loss: nan
	valid loss: nan
epoch 26 loss: nan
	valid loss: nan
epoch 27 loss: nan
	valid loss: nan
epoch 28 loss: nan
	valid loss: nan
epoch 29 loss: nan
	valid loss: nan
epoch 30 loss: nan
	valid loss: nan
epoch 31 loss: nan
	valid loss: nan
epoch 32 loss: nan
	valid loss: nan
epoch 33 loss: nan
	valid loss: nan
epoch 34 loss: nan
	valid loss: nan
epoch 35 loss: nan
	valid loss: nan
epoch 36 loss: nan
	valid loss: nan
epoch 37 loss: nan
	valid loss: nan
epoch 38 loss: nan
	valid loss: nan
epoch 39 loss: nan
	valid loss: nan
epoch 40 loss: nan
	valid loss: nan
epoch 41 loss: nan
	valid loss: nan
epoch 42 loss: nan
	valid loss: nan
epoch 43 loss: nan
	valid loss: nan
epoch 44 loss: nan
	valid loss: nan
epoch 45 loss: nan
	valid loss: nan
epoch 46 loss: nan
	valid loss: nan
epoch 47 loss: nan
	valid loss: nan
epoch 48 loss: nan
	valid loss: nan
epoch 49 loss: nan
	valid loss: nan
epoch 50 loss: nan
	valid loss: nan
epoch 51 loss: nan
	valid loss: nan
epoch 52 loss: nan
	valid loss: nan
epoch 53 loss: nan
	valid loss: nan
epoch 54 loss: nan
	valid loss: nan
epoch 55 loss: nan
	valid loss: nan
epoch 56 loss: nan
	valid loss: nan
epoch 57 loss: nan
	valid loss: nan
epoch 58 loss: nan
	valid loss: nan
epoch 59 loss: nan
	valid loss: nan
epoch 60 loss: nan
	valid loss: nan
epoch 61 loss: nan
	valid loss: nan
epoch 62 loss: nan
	valid loss: nan
epoch 63 loss: nan
	valid loss: nan
epoch 64 loss: nan
	valid loss: nan
epoch 65 loss: nan
	valid loss: nan
epoch 66 loss: nan
	valid loss: nan
epoch 67 loss: nan
	valid loss: nan
epoch 68 loss: nan
	valid loss: nan
epoch 69 loss: nan
	valid loss: nan
epoch 70 loss: nan
	valid loss: nan
epoch 71 loss: nan
	valid loss: nan
epoch 72 loss: nan
	valid loss: nan
epoch 73 loss: nan
	valid loss: nan
epoch 74 loss: nan
	valid loss: nan
epoch 75 loss: nan
	valid loss: nan
epoch 76 loss: nan
	valid loss: nan
epoch 77 loss: nan
	valid loss: nan
epoch 78 loss: nan
	valid loss: nan
epoch 79 loss: nan
	valid loss: nan
epoch 80 loss: nan
	valid loss: nan
epoch 81 loss: nan
	valid loss: nan
epoch 82 loss: nan
	valid loss: nan
epoch 83 loss: nan
	valid loss: nan
epoch 84 loss: nan
	valid loss: nan
epoch 85 loss: nan
	valid loss: nan
epoch 86 loss: nan
	valid loss: nan
epoch 87 loss: nan
	valid loss: nan
epoch 88 loss: nan
	valid loss: nan
epoch 89 loss: nan
	valid loss: nan
epoch 90 loss: nan
	valid loss: nan
epoch 91 loss: nan
	valid loss: nan
epoch 92 loss: nan
	valid loss: nan
epoch 93 loss: nan
	valid loss: nan
epoch 94 loss: nan
	valid loss: nan
epoch 95 loss: nan
	valid loss: nan
epoch 96 loss: nan
	valid loss: nan
epoch 97 loss: nan
	valid loss: nan
epoch 98 loss: nan
	valid loss: nan
epoch 99 loss: nan
	valid loss: nan
epoch 100 loss: nan
	valid loss: nan
epoch 101 loss: nan
	valid loss: nan
epoch 102 loss: nan
	valid loss: nan
epoch 103 loss: nan
	valid loss: nan
epoch 104 loss: nan
	valid loss: nan
epoch 105 loss: nan
	valid loss: nan
epoch 106 loss: nan
	valid loss: nan
epoch 107 loss: nan
	valid loss: nan
epoch 108 loss: nan
	valid loss: nan
epoch 109 loss: nan
	valid loss: nan
epoch 110 loss: nan
	valid loss: nan
epoch 111 loss: nan
	valid loss: nan
epoch 112 loss: nan
	valid loss: nan
epoch 113 loss: nan
	valid loss: nan
epoch 114 loss: nan
	valid loss: nan
epoch 115 loss: nan
	valid loss: nan
epoch 116 loss: nan
	valid loss: nan
epoch 117 loss: nan
	valid loss: nan
epoch 118 loss: nan
	valid loss: nan
epoch 119 loss: nan
	valid loss: nan
epoch 120 loss: nan
	valid loss: nan
epoch 121 loss: nan
	valid loss: nan
epoch 122 loss: nan
	valid loss: nan
epoch 123 loss: nan
	valid loss: nan
epoch 124 loss: nan
	valid loss: nan
epoch 125 loss: nan
	valid loss: nan
epoch 126 loss: nan
	valid loss: nan
epoch 127 loss: nan
	valid loss: nan
epoch 128 loss: nan
	valid loss: nan
epoch 129 loss: nan
	valid loss: nan
epoch 130 loss: nan
	valid loss: nan
epoch 131 loss: nan
	valid loss: nan
epoch 132 loss: nan
	valid loss: nan
epoch 133 loss: nan
	valid loss: nan
epoch 134 loss: nan
	valid loss: nan
epoch 135 loss: nan
	valid loss: nan
epoch 136 loss: nan
	valid loss: nan
epoch 137 loss: nan
	valid loss: nan
epoch 138 loss: nan
	valid loss: nan
epoch 139 loss: nan
	valid loss: nan
epoch 140 loss: nan
	valid loss: nan
epoch 141 loss: nan
	valid loss: nan
epoch 142 loss: nan
	valid loss: nan
epoch 143 loss: nan
	valid loss: nan
epoch 144 loss: nan
	valid loss: nan
epoch 145 loss: nan
	valid loss: nan
epoch 146 loss: nan
	valid loss: nan
epoch 147 loss: nan
	valid loss: nan
epoch 148 loss: nan
	valid loss: nan
epoch 149 loss: nan
	valid loss: nan
epoch 150 loss: nan
	valid loss: nan
epoch 151 loss: nan
	valid loss: nan
epoch 152 loss: nan
	valid loss: nan
epoch 153 loss: nan
	valid loss: nan
epoch 154 loss: nan
	valid loss: nan
epoch 155 loss: nan
	valid loss: nan
epoch 156 loss: nan
	valid loss: nan
epoch 157 loss: nan
	valid loss: nan
epoch 158 loss: nan
	valid loss: nan
epoch 159 loss: nan
	valid loss: nan
epoch 160 loss: nan
	valid loss: nan
epoch 161 loss: nan
	valid loss: nan
epoch 162 loss: nan
	valid loss: nan
epoch 163 loss: nan
	valid loss: nan
epoch 164 loss: nan
	valid loss: nan
epoch 165 loss: nan
	valid loss: nan
epoch 166 loss: nan
	valid loss: nan
epoch 167 loss: nan
	valid loss: nan
epoch 168 loss: nan
	valid loss: nan
epoch 169 loss: nan
	valid loss: nan
epoch 170 loss: nan
	valid loss: nan
epoch 171 loss: nan
	valid loss: nan
epoch 172 loss: nan
	valid loss: nan
epoch 173 loss: nan
	valid loss: nan
epoch 174 loss: nan
	valid loss: nan
epoch 175 loss: nan
	valid loss: nan
epoch 176 loss: nan
	valid loss: nan
epoch 177 loss: nan
	valid loss: nan
epoch 178 loss: nan
	valid loss: nan
epoch 179 loss: nan
	valid loss: nan
epoch 180 loss: nan
	valid loss: nan
epoch 181 loss: nan
	valid loss: nan
epoch 182 loss: nan
	valid loss: nan
epoch 183 loss: nan
	valid loss: nan
epoch 184 loss: nan
	valid loss: nan
epoch 185 loss: nan
	valid loss: nan
epoch 186 loss: nan
	valid loss: nan
epoch 187 loss: nan
	valid loss: nan
epoch 188 loss: nan
	valid loss: nan
epoch 189 loss: nan
	valid loss: nan
epoch 190 loss: nan
	valid loss: nan
epoch 191 loss: nan
	valid loss: nan
epoch 192 loss: nan
	valid loss: nan
epoch 193 loss: nan
	valid loss: nan
epoch 194 loss: nan
	valid loss: nan
epoch 195 loss: nan
	valid loss: nan
epoch 196 loss: nan
	valid loss: nan
epoch 197 loss: nan
	valid loss: nan
epoch 198 loss: nan
	valid loss: nan
epoch 199 loss: nan
	valid loss: nan
epoch 200 loss: nan
	valid loss: nan
epoch 201 loss: nan
	valid loss: nan
epoch 202 loss: nan
	valid loss: nan
epoch 203 loss: nan
	valid loss: nan
epoch 204 loss: nan
	valid loss: nan
epoch 205 loss: nan
	valid loss: nan
epoch 206 loss: nan
	valid loss: nan
epoch 207 loss: nan
	valid loss: nan
epoch 208 loss: nan
	valid loss: nan
epoch 209 loss: nan
	valid loss: nan
epoch 210 loss: nan
	valid loss: nan
epoch 211 loss: nan
	valid loss: nan
epoch 212 loss: nan
	valid loss: nan
epoch 213 loss: nan
	valid loss: nan
epoch 214 loss: nan
	valid loss: nan
epoch 215 loss: nan
	valid loss: nan
epoch 216 loss: nan
	valid loss: nan
epoch 217 loss: nan
	valid loss: nan
epoch 218 loss: nan
	valid loss: nan
epoch 219 loss: nan
	valid loss: nan
epoch 220 loss: nan
	valid loss: nan
epoch 221 loss: nan
	valid loss: nan
epoch 222 loss: nan
	valid loss: nan
epoch 223 loss: nan
	valid loss: nan
epoch 224 loss: nan
	valid loss: nan
epoch 225 loss: nan
	valid loss: nan
epoch 226 loss: nan
	valid loss: nan
epoch 227 loss: nan
	valid loss: nan
epoch 228 loss: nan
	valid loss: nan
epoch 229 loss: nan
	valid loss: nan
epoch 230 loss: nan
	valid loss: nan
epoch 231 loss: nan
	valid loss: nan
epoch 232 loss: nan
	valid loss: nan
epoch 233 loss: nan
	valid loss: nan
epoch 234 loss: nan
	valid loss: nan
epoch 235 loss: nan
	valid loss: nan
epoch 236 loss: nan
	valid loss: nan
epoch 237 loss: nan
	valid loss: nan
epoch 238 loss: nan
	valid loss: nan
epoch 239 loss: nan
	valid loss: nan
epoch 240 loss: nan
	valid loss: nan
epoch 241 loss: nan
	valid loss: nan
epoch 242 loss: nan
	valid loss: nan
epoch 243 loss: nan
	valid loss: nan
epoch 244 loss: nan
	valid loss: nan
epoch 245 loss: nan
	valid loss: nan
epoch 246 loss: nan
	valid loss: nan
epoch 247 loss: nan
	valid loss: nan
epoch 248 loss: nan
	valid loss: nan
epoch 249 loss: nan
	valid loss: nan
epoch 250 loss: nan
	valid loss: nan
epoch 251 loss: nan
	valid loss: nan
epoch 252 loss: nan
	valid loss: nan
epoch 253 loss: nan
	valid loss: nan
epoch 254 loss: nan
	valid loss: nan
epoch 255 loss: nan
	valid loss: nan
epoch 256 loss: nan
	valid loss: nan
epoch 257 loss: nan
	valid loss: nan
epoch 258 loss: nan
	valid loss: nan
epoch 259 loss: nan
	valid loss: nan
epoch 260 loss: nan
	valid loss: nan
epoch 261 loss: nan
	valid loss: nan
epoch 262 loss: nan
	valid loss: nan
epoch 263 loss: nan
	valid loss: nan
epoch 264 loss: nan
	valid loss: nan
epoch 265 loss: nan
	valid loss: nan
epoch 266 loss: nan
	valid loss: nan
epoch 267 loss: nan
	valid loss: nan
epoch 268 loss: nan
	valid loss: nan
epoch 269 loss: nan
	valid loss: nan
epoch 270 loss: nan
	valid loss: nan
epoch 271 loss: nan
	valid loss: nan
epoch 272 loss: nan
	valid loss: nan
epoch 273 loss: nan
	valid loss: nan
epoch 274 loss: nan
	valid loss: nan
epoch 275 loss: nan
	valid loss: nan
epoch 276 loss: nan
	valid loss: nan
epoch 277 loss: nan
	valid loss: nan
epoch 278 loss: nan
	valid loss: nan
epoch 279 loss: nan
	valid loss: nan
epoch 280 loss: nan
	valid loss: nan
epoch 281 loss: nan
	valid loss: nan
epoch 282 loss: nan
	valid loss: nan
epoch 283 loss: nan
	valid loss: nan
epoch 284 loss: nan
	valid loss: nan
epoch 285 loss: nan
	valid loss: nan
epoch 286 loss: nan
	valid loss: nan
epoch 287 loss: nan
	valid loss: nan
epoch 288 loss: nan
	valid loss: nan
epoch 289 loss: nan
	valid loss: nan
epoch 290 loss: nan
	valid loss: nan
epoch 291 loss: nan
	valid loss: nan
epoch 292 loss: nan
	valid loss: nan
epoch 293 loss: nan
	valid loss: nan
epoch 294 loss: nan
	valid loss: nan
epoch 295 loss: nan
	valid loss: nan
epoch 296 loss: nan
	valid loss: nan
epoch 297 loss: nan
	valid loss: nan
epoch 298 loss: nan
	valid loss: nan
epoch 299 loss: nan
	valid loss: nan
epoch 300 loss: nan
	valid loss: nan
epoch 301 loss: nan
	valid loss: nan
epoch 302 loss: nan
	valid loss: nan
epoch 303 loss: nan
	valid loss: nan
epoch 304 loss: nan
	valid loss: nan
epoch 305 loss: nan
	valid loss: nan
epoch 306 loss: nan
	valid loss: nan
epoch 307 loss: nan
	valid loss: nan
epoch 308 loss: nan
	valid loss: nan
epoch 309 loss: nan
	valid loss: nan
epoch 310 loss: nan
	valid loss: nan
epoch 311 loss: nan
	valid loss: nan
epoch 312 loss: nan
	valid loss: nan
epoch 313 loss: nan
	valid loss: nan
epoch 314 loss: nan
	valid loss: nan
epoch 315 loss: nan
	valid loss: nan
epoch 316 loss: nan
	valid loss: nan
epoch 317 loss: nan
	valid loss: nan
epoch 318 loss: nan
	valid loss: nan
epoch 319 loss: nan
	valid loss: nan
epoch 320 loss: nan
	valid loss: nan
epoch 321 loss: nan
	valid loss: nan
epoch 322 loss: nan
	valid loss: nan
epoch 323 loss: nan
	valid loss: nan
epoch 324 loss: nan
	valid loss: nan
epoch 325 loss: nan
	valid loss: nan
epoch 326 loss: nan
	valid loss: nan
epoch 327 loss: nan
	valid loss: nan
epoch 328 loss: nan
	valid loss: nan
epoch 329 loss: nan
	valid loss: nan
epoch 330 loss: nan
	valid loss: nan
epoch 331 loss: nan
	valid loss: nan
epoch 332 loss: nan
	valid loss: nan
epoch 333 loss: nan
	valid loss: nan
epoch 334 loss: nan
	valid loss: nan
epoch 335 loss: nan
	valid loss: nan
epoch 336 loss: nan
	valid loss: nan
epoch 337 loss: nan
	valid loss: nan
epoch 338 loss: nan
	valid loss: nan
epoch 339 loss: nan
	valid loss: nan
epoch 340 loss: nan
	valid loss: nan
epoch 341 loss: nan
	valid loss: nan
epoch 342 loss: nan
	valid loss: nan
epoch 343 loss: nan
	valid loss: nan
epoch 344 loss: nan
	valid loss: nan
epoch 345 loss: nan
	valid loss: nan
epoch 346 loss: nan
	valid loss: nan
epoch 347 loss: nan
	valid loss: nan
epoch 348 loss: nan
	valid loss: nan
epoch 349 loss: nan
	valid loss: nan
epoch 350 loss: nan
	valid loss: nan
epoch 351 loss: nan
	valid loss: nan
epoch 352 loss: nan
	valid loss: nan
epoch 353 loss: nan
	valid loss: nan
epoch 354 loss: nan
	valid loss: nan
epoch 355 loss: nan
	valid loss: nan
epoch 356 loss: nan
	valid loss: nan
epoch 357 loss: nan
	valid loss: nan
epoch 358 loss: nan
	valid loss: nan
epoch 359 loss: nan
	valid loss: nan
epoch 360 loss: nan
	valid loss: nan
epoch 361 loss: nan
	valid loss: nan
epoch 362 loss: nan
	valid loss: nan
epoch 363 loss: nan
	valid loss: nan
epoch 364 loss: nan
	valid loss: nan
epoch 365 loss: nan
	valid loss: nan
epoch 366 loss: nan
	valid loss: nan
epoch 367 loss: nan
	valid loss: nan
epoch 368 loss: nan
	valid loss: nan
epoch 369 loss: nan
	valid loss: nan
epoch 370 loss: nan
	valid loss: nan
epoch 371 loss: nan
	valid loss: nan
epoch 372 loss: nan
	valid loss: nan
epoch 373 loss: nan
	valid loss: nan
epoch 374 loss: nan
	valid loss: nan
epoch 375 loss: nan
	valid loss: nan
epoch 376 loss: nan
	valid loss: nan
epoch 377 loss: nan
	valid loss: nan
epoch 378 loss: nan
	valid loss: nan
epoch 379 loss: nan
	valid loss: nan
epoch 380 loss: nan
	valid loss: nan
epoch 381 loss: nan
	valid loss: nan
epoch 382 loss: nan
	valid loss: nan
epoch 383 loss: nan
	valid loss: nan
epoch 384 loss: nan
	valid loss: nan
epoch 385 loss: nan
	valid loss: nan
epoch 386 loss: nan
	valid loss: nan
epoch 387 loss: nan
	valid loss: nan
epoch 388 loss: nan
	valid loss: nan
epoch 389 loss: nan
	valid loss: nan
epoch 390 loss: nan
	valid loss: nan
epoch 391 loss: nan
	valid loss: nan
epoch 392 loss: nan
	valid loss: nan
epoch 393 loss: nan
	valid loss: nan
epoch 394 loss: nan
	valid loss: nan
epoch 395 loss: nan
	valid loss: nan
epoch 396 loss: nan
	valid loss: nan
epoch 397 loss: nan
	valid loss: nan
epoch 398 loss: nan
	valid loss: nan
epoch 399 loss: nan
	valid loss: nan
epoch 400 loss: nan
	valid loss: nan
epoch 401 loss: nan
	valid loss: nan
epoch 402 loss: nan
	valid loss: nan
epoch 403 loss: nan
	valid loss: nan
epoch 404 loss: nan
	valid loss: nan
epoch 405 loss: nan
	valid loss: nan
epoch 406 loss: nan
	valid loss: nan
epoch 407 loss: nan
	valid loss: nan
epoch 408 loss: nan
	valid loss: nan
epoch 409 loss: nan
	valid loss: nan
epoch 410 loss: nan
	valid loss: nan
epoch 411 loss: nan
	valid loss: nan
epoch 412 loss: nan
	valid loss: nan
epoch 413 loss: nan
	valid loss: nan
epoch 414 loss: nan
	valid loss: nan
epoch 415 loss: nan
	valid loss: nan
epoch 416 loss: nan
	valid loss: nan
epoch 417 loss: nan
	valid loss: nan
epoch 418 loss: nan
	valid loss: nan
epoch 419 loss: nan
	valid loss: nan
epoch 420 loss: nan
	valid loss: nan
epoch 421 loss: nan
	valid loss: nan
epoch 422 loss: nan
	valid loss: nan
epoch 423 loss: nan
	valid loss: nan
epoch 424 loss: nan
	valid loss: nan
epoch 425 loss: nan
	valid loss: nan
epoch 426 loss: nan
	valid loss: nan
epoch 427 loss: nan
	valid loss: nan
epoch 428 loss: nan
	valid loss: nan
epoch 429 loss: nan
	valid loss: nan
epoch 430 loss: nan
	valid loss: nan
epoch 431 loss: nan
	valid loss: nan
epoch 432 loss: nan
	valid loss: nan
epoch 433 loss: nan
	valid loss: nan
epoch 434 loss: nan
	valid loss: nan
epoch 435 loss: nan
	valid loss: nan
epoch 436 loss: nan
	valid loss: nan
epoch 437 loss: nan
	valid loss: nan
epoch 438 loss: nan
	valid loss: nan
epoch 439 loss: nan
	valid loss: nan
epoch 440 loss: nan
	valid loss: nan
epoch 441 loss: nan
	valid loss: nan
epoch 442 loss: nan
	valid loss: nan
epoch 443 loss: nan
	valid loss: nan
epoch 444 loss: nan
	valid loss: nan
epoch 445 loss: nan
	valid loss: nan
epoch 446 loss: nan
	valid loss: nan
epoch 447 loss: nan
	valid loss: nan
epoch 448 loss: nan
	valid loss: nan
epoch 449 loss: nan
	valid loss: nan
epoch 450 loss: nan
	valid loss: nan
epoch 451 loss: nan
	valid loss: nan
epoch 452 loss: nan
	valid loss: nan
epoch 453 loss: nan
	valid loss: nan
epoch 454 loss: nan
	valid loss: nan
epoch 455 loss: nan
	valid loss: nan
epoch 456 loss: nan
	valid loss: nan
epoch 457 loss: nan
	valid loss: nan
epoch 458 loss: nan
	valid loss: nan
epoch 459 loss: nan
	valid loss: nan
epoch 460 loss: nan
	valid loss: nan
epoch 461 loss: nan
	valid loss: nan
epoch 462 loss: nan
	valid loss: nan
epoch 463 loss: nan
	valid loss: nan
epoch 464 loss: nan
	valid loss: nan
epoch 465 loss: nan
	valid loss: nan
epoch 466 loss: nan
	valid loss: nan
epoch 467 loss: nan
	valid loss: nan
epoch 468 loss: nan
	valid loss: nan
epoch 469 loss: nan
	valid loss: nan
epoch 470 loss: nan
	valid loss: nan
epoch 471 loss: nan
	valid loss: nan
epoch 472 loss: nan
	valid loss: nan
epoch 473 loss: nan
	valid loss: nan
epoch 474 loss: nan
	valid loss: nan
epoch 475 loss: nan
	valid loss: nan
epoch 476 loss: nan
	valid loss: nan
epoch 477 loss: nan
	valid loss: nan
epoch 478 loss: nan
	valid loss: nan
epoch 479 loss: nan
	valid loss: nan
epoch 480 loss: nan
	valid loss: nan
epoch 481 loss: nan
	valid loss: nan
epoch 482 loss: nan
	valid loss: nan
epoch 483 loss: nan
	valid loss: nan
epoch 484 loss: nan
	valid loss: nan
epoch 485 loss: nan
	valid loss: nan
epoch 486 loss: nan
	valid loss: nan
epoch 487 loss: nan
	valid loss: nan
epoch 488 loss: nan
	valid loss: nan
epoch 489 loss: nan
	valid loss: nan
epoch 490 loss: nan
	valid loss: nan
epoch 491 loss: nan
	valid loss: nan
epoch 492 loss: nan
	valid loss: nan
epoch 493 loss: nan
	valid loss: nan
epoch 494 loss: nan
	valid loss: nan
epoch 495 loss: nan
	valid loss: nan
epoch 496 loss: nan
	valid loss: nan
epoch 497 loss: nan
	valid loss: nan
epoch 498 loss: nan
	valid loss: nan
epoch 499 loss: nan
	valid loss: nan
epoch 500 loss: nan
	valid loss: nan
epoch 501 loss: nan
	valid loss: nan
epoch 502 loss: nan
	valid loss: nan
epoch 503 loss: nan
	valid loss: nan
epoch 504 loss: nan
	valid loss: nan
epoch 505 loss: nan
	valid loss: nan
epoch 506 loss: nan
	valid loss: nan
epoch 507 loss: nan
	valid loss: nan
epoch 508 loss: nan
	valid loss: nan
epoch 509 loss: nan
	valid loss: nan
epoch 510 loss: nan
	valid loss: nan
epoch 511 loss: nan
	valid loss: nan
epoch 512 loss: nan
	valid loss: nan
epoch 513 loss: nan
	valid loss: nan
epoch 514 loss: nan
	valid loss: nan
epoch 515 loss: nan
	valid loss: nan
epoch 516 loss: nan
	valid loss: nan
epoch 517 loss: nan
	valid loss: nan
epoch 518 loss: nan
	valid loss: nan
epoch 519 loss: nan
	valid loss: nan
epoch 520 loss: nan
	valid loss: nan
epoch 521 loss: nan
	valid loss: nan
epoch 522 loss: nan
	valid loss: nan
epoch 523 loss: nan
	valid loss: nan
epoch 524 loss: nan
	valid loss: nan
epoch 525 loss: nan
	valid loss: nan
epoch 526 loss: nan
	valid loss: nan
epoch 527 loss: nan
	valid loss: nan
epoch 528 loss: nan
	valid loss: nan
epoch 529 loss: nan
	valid loss: nan
epoch 530 loss: nan
	valid loss: nan
epoch 531 loss: nan
	valid loss: nan
epoch 532 loss: nan
	valid loss: nan
epoch 533 loss: nan
	valid loss: nan
epoch 534 loss: nan
	valid loss: nan
epoch 535 loss: nan
	valid loss: nan
epoch 536 loss: nan
	valid loss: nan
epoch 537 loss: nan
	valid loss: nan
epoch 538 loss: nan
	valid loss: nan
epoch 539 loss: nan
	valid loss: nan
epoch 540 loss: nan
	valid loss: nan
epoch 541 loss: nan
	valid loss: nan
epoch 542 loss: nan
	valid loss: nan
epoch 543 loss: nan
	valid loss: nan
epoch 544 loss: nan
	valid loss: nan
epoch 545 loss: nan
	valid loss: nan
epoch 546 loss: nan
	valid loss: nan
epoch 547 loss: nan
	valid loss: nan
epoch 548 loss: nan
	valid loss: nan
epoch 549 loss: nan
	valid loss: nan
epoch 550 loss: nan
	valid loss: nan
epoch 551 loss: nan
	valid loss: nan
epoch 552 loss: nan
	valid loss: nan
epoch 553 loss: nan
	valid loss: nan
epoch 554 loss: nan
	valid loss: nan
epoch 555 loss: nan
	valid loss: nan
epoch 556 loss: nan
	valid loss: nan
epoch 557 loss: nan
	valid loss: nan
epoch 558 loss: nan
	valid loss: nan
epoch 559 loss: nan
	valid loss: nan
epoch 560 loss: nan
	valid loss: nan
epoch 561 loss: nan
	valid loss: nan
epoch 562 loss: nan
	valid loss: nan
epoch 563 loss: nan
	valid loss: nan
epoch 564 loss: nan
	valid loss: nan
epoch 565 loss: nan
	valid loss: nan
epoch 566 loss: nan
	valid loss: nan
epoch 567 loss: nan
	valid loss: nan
epoch 568 loss: nan
	valid loss: nan
epoch 569 loss: nan
	valid loss: nan
epoch 570 loss: nan
	valid loss: nan
epoch 571 loss: nan
	valid loss: nan
epoch 572 loss: nan
	valid loss: nan
epoch 573 loss: nan
	valid loss: nan
epoch 574 loss: nan
	valid loss: nan
epoch 575 loss: nan
	valid loss: nan
epoch 576 loss: nan
	valid loss: nan
epoch 577 loss: nan
	valid loss: nan
epoch 578 loss: nan
	valid loss: nan
epoch 579 loss: nan
	valid loss: nan
epoch 580 loss: nan
	valid loss: nan
epoch 581 loss: nan
	valid loss: nan
epoch 582 loss: nan
	valid loss: nan
epoch 583 loss: nan
	valid loss: nan
epoch 584 loss: nan
	valid loss: nan
epoch 585 loss: nan
	valid loss: nan
epoch 586 loss: nan
	valid loss: nan
epoch 587 loss: nan
	valid loss: nan
epoch 588 loss: nan
	valid loss: nan
epoch 589 loss: nan
	valid loss: nan
epoch 590 loss: nan
	valid loss: nan
epoch 591 loss: nan
	valid loss: nan
epoch 592 loss: nan
	valid loss: nan
epoch 593 loss: nan
	valid loss: nan
epoch 594 loss: nan
	valid loss: nan
epoch 595 loss: nan
	valid loss: nan
epoch 596 loss: nan
	valid loss: nan
epoch 597 loss: nan
	valid loss: nan
epoch 598 loss: nan
	valid loss: nan
epoch 599 loss: nan
	valid loss: nan
epoch 600 loss: nan
	valid loss: nan
epoch 601 loss: nan
	valid loss: nan
epoch 602 loss: nan
	valid loss: nan
epoch 603 loss: nan
	valid loss: nan
epoch 604 loss: nan
	valid loss: nan
epoch 605 loss: nan
	valid loss: nan
epoch 606 loss: nan
	valid loss: nan
epoch 607 loss: nan
	valid loss: nan
epoch 608 loss: nan
	valid loss: nan
epoch 609 loss: nan
	valid loss: nan
epoch 610 loss: nan
	valid loss: nan
epoch 611 loss: nan
	valid loss: nan
epoch 612 loss: nan
	valid loss: nan
epoch 613 loss: nan
	valid loss: nan
epoch 614 loss: nan
	valid loss: nan
epoch 615 loss: nan
	valid loss: nan
epoch 616 loss: nan
	valid loss: nan
epoch 617 loss: nan
	valid loss: nan
epoch 618 loss: nan
	valid loss: nan
epoch 619 loss: nan
	valid loss: nan
epoch 620 loss: nan
	valid loss: nan
epoch 621 loss: nan
	valid loss: nan
epoch 622 loss: nan
	valid loss: nan
epoch 623 loss: nan
	valid loss: nan
epoch 624 loss: nan
	valid loss: nan
epoch 625 loss: nan
	valid loss: nan
epoch 626 loss: nan
	valid loss: nan
epoch 627 loss: nan
	valid loss: nan
epoch 628 loss: nan
	valid loss: nan
epoch 629 loss: nan
	valid loss: nan
epoch 630 loss: nan
	valid loss: nan
epoch 631 loss: nan
	valid loss: nan
epoch 632 loss: nan
	valid loss: nan
epoch 633 loss: nan
	valid loss: nan
epoch 634 loss: nan
	valid loss: nan
epoch 635 loss: nan
	valid loss: nan
epoch 636 loss: nan
	valid loss: nan
epoch 637 loss: nan
	valid loss: nan
epoch 638 loss: nan
	valid loss: nan
epoch 639 loss: nan
	valid loss: nan
epoch 640 loss: nan
	valid loss: nan
epoch 641 loss: nan
	valid loss: nan
epoch 642 loss: nan
	valid loss: nan
epoch 643 loss: nan
	valid loss: nan
epoch 644 loss: nan
	valid loss: nan
epoch 645 loss: nan
	valid loss: nan
epoch 646 loss: nan
	valid loss: nan
epoch 647 loss: nan
	valid loss: nan
epoch 648 loss: nan
	valid loss: nan
epoch 649 loss: nan
	valid loss: nan
epoch 650 loss: nan
	valid loss: nan
epoch 651 loss: nan
	valid loss: nan
epoch 652 loss: nan
	valid loss: nan
epoch 653 loss: nan
	valid loss: nan
epoch 654 loss: nan
	valid loss: nan
epoch 655 loss: nan
	valid loss: nan
epoch 656 loss: nan
	valid loss: nan
epoch 657 loss: nan
	valid loss: nan
epoch 658 loss: nan
	valid loss: nan
epoch 659 loss: nan
	valid loss: nan
epoch 660 loss: nan
	valid loss: nan
epoch 661 loss: nan
	valid loss: nan
epoch 662 loss: nan
	valid loss: nan
epoch 663 loss: nan
	valid loss: nan
epoch 664 loss: nan
	valid loss: nan
epoch 665 loss: nan
	valid loss: nan
epoch 666 loss: nan
	valid loss: nan
epoch 667 loss: nan
	valid loss: nan
epoch 668 loss: nan
	valid loss: nan
epoch 669 loss: nan
	valid loss: nan
epoch 670 loss: nan
	valid loss: nan
epoch 671 loss: nan
	valid loss: nan
epoch 672 loss: nan
	valid loss: nan
epoch 673 loss: nan
	valid loss: nan
epoch 674 loss: nan
	valid loss: nan
epoch 675 loss: nan
	valid loss: nan
epoch 676 loss: nan
	valid loss: nan
epoch 677 loss: nan
	valid loss: nan
epoch 678 loss: nan
	valid loss: nan
epoch 679 loss: nan
	valid loss: nan
epoch 680 loss: nan
	valid loss: nan
epoch 681 loss: nan
	valid loss: nan
epoch 682 loss: nan
	valid loss: nan
epoch 683 loss: nan
	valid loss: nan
epoch 684 loss: nan
	valid loss: nan
epoch 685 loss: nan
	valid loss: nan
epoch 686 loss: nan
	valid loss: nan
epoch 687 loss: nan
	valid loss: nan
epoch 688 loss: nan
	valid loss: nan
epoch 689 loss: nan
	valid loss: nan
epoch 690 loss: nan
	valid loss: nan
epoch 691 loss: nan
	valid loss: nan
epoch 692 loss: nan
	valid loss: nan
epoch 693 loss: nan
	valid loss: nan
epoch 694 loss: nan
	valid loss: nan
epoch 695 loss: nan
	valid loss: nan
epoch 696 loss: nan
	valid loss: nan
epoch 697 loss: nan
	valid loss: nan
epoch 698 loss: nan
	valid loss: nan
epoch 699 loss: nan
	valid loss: nan
epoch 700 loss: nan
	valid loss: nan
epoch 701 loss: nan
	valid loss: nan
epoch 702 loss: nan
	valid loss: nan
epoch 703 loss: nan
	valid loss: nan
epoch 704 loss: nan
	valid loss: nan
epoch 705 loss: nan
	valid loss: nan
epoch 706 loss: nan
	valid loss: nan
epoch 707 loss: nan
	valid loss: nan
epoch 708 loss: nan
	valid loss: nan
epoch 709 loss: nan
	valid loss: nan
epoch 710 loss: nan
	valid loss: nan
epoch 711 loss: nan
	valid loss: nan
epoch 712 loss: nan
	valid loss: nan
epoch 713 loss: nan
	valid loss: nan
epoch 714 loss: nan
	valid loss: nan
epoch 715 loss: nan
	valid loss: nan
epoch 716 loss: nan
	valid loss: nan
epoch 717 loss: nan
	valid loss: nan
epoch 718 loss: nan
	valid loss: nan
epoch 719 loss: nan
	valid loss: nan
epoch 720 loss: nan
	valid loss: nan
epoch 721 loss: nan
	valid loss: nan
epoch 722 loss: nan
	valid loss: nan
epoch 723 loss: nan
	valid loss: nan
epoch 724 loss: nan
	valid loss: nan
epoch 725 loss: nan
	valid loss: nan
epoch 726 loss: nan
	valid loss: nan
epoch 727 loss: nan
	valid loss: nan
epoch 728 loss: nan
	valid loss: nan
epoch 729 loss: nan
	valid loss: nan
epoch 730 loss: nan
	valid loss: nan
epoch 731 loss: nan
	valid loss: nan
epoch 732 loss: nan
	valid loss: nan
epoch 733 loss: nan
	valid loss: nan
epoch 734 loss: nan
	valid loss: nan
epoch 735 loss: nan
	valid loss: nan
epoch 736 loss: nan
	valid loss: nan
epoch 737 loss: nan
	valid loss: nan
epoch 738 loss: nan
	valid loss: nan
epoch 739 loss: nan
	valid loss: nan
epoch 740 loss: nan
	valid loss: nan
epoch 741 loss: nan
	valid loss: nan
epoch 742 loss: nan
	valid loss: nan
epoch 743 loss: nan
	valid loss: nan
epoch 744 loss: nan
	valid loss: nan
epoch 745 loss: nan
	valid loss: nan
epoch 746 loss: nan
	valid loss: nan
epoch 747 loss: nan
	valid loss: nan
epoch 748 loss: nan
	valid loss: nan
epoch 749 loss: nan
	valid loss: nan
epoch 750 loss: nan
	valid loss: nan
epoch 751 loss: nan
	valid loss: nan
epoch 752 loss: nan
	valid loss: nan
epoch 753 loss: nan
	valid loss: nan
epoch 754 loss: nan
	valid loss: nan
epoch 755 loss: nan
	valid loss: nan
epoch 756 loss: nan
	valid loss: nan
epoch 757 loss: nan
	valid loss: nan
epoch 758 loss: nan
	valid loss: nan
epoch 759 loss: nan
	valid loss: nan
epoch 760 loss: nan
	valid loss: nan
epoch 761 loss: nan
	valid loss: nan
epoch 762 loss: nan
	valid loss: nan
epoch 763 loss: nan
	valid loss: nan
epoch 764 loss: nan
	valid loss: nan
epoch 765 loss: nan
	valid loss: nan
epoch 766 loss: nan
	valid loss: nan
epoch 767 loss: nan
	valid loss: nan
epoch 768 loss: nan
	valid loss: nan
epoch 769 loss: nan
	valid loss: nan
epoch 770 loss: nan
	valid loss: nan
epoch 771 loss: nan
	valid loss: nan
epoch 772 loss: nan
	valid loss: nan
epoch 773 loss: nan
	valid loss: nan
epoch 774 loss: nan
	valid loss: nan
epoch 775 loss: nan
	valid loss: nan
epoch 776 loss: nan
	valid loss: nan
epoch 777 loss: nan
	valid loss: nan
epoch 778 loss: nan
	valid loss: nan
epoch 779 loss: nan
	valid loss: nan
epoch 780 loss: nan
	valid loss: nan
epoch 781 loss: nan
	valid loss: nan
epoch 782 loss: nan
	valid loss: nan
epoch 783 loss: nan
	valid loss: nan
epoch 784 loss: nan
	valid loss: nan
epoch 785 loss: nan
	valid loss: nan
epoch 786 loss: nan
	valid loss: nan
epoch 787 loss: nan
	valid loss: nan
epoch 788 loss: nan
	valid loss: nan
epoch 789 loss: nan
	valid loss: nan
epoch 790 loss: nan
	valid loss: nan
epoch 791 loss: nan
	valid loss: nan
epoch 792 loss: nan
	valid loss: nan
epoch 793 loss: nan
	valid loss: nan
epoch 794 loss: nan
	valid loss: nan
epoch 795 loss: nan
	valid loss: nan
epoch 796 loss: nan
	valid loss: nan
epoch 797 loss: nan
	valid loss: nan
epoch 798 loss: nan
	valid loss: nan
epoch 799 loss: nan
	valid loss: nan
epoch 800 loss: nan
	valid loss: nan
epoch 801 loss: nan
	valid loss: nan
epoch 802 loss: nan
	valid loss: nan
epoch 803 loss: nan
	valid loss: nan
epoch 804 loss: nan
	valid loss: nan
epoch 805 loss: nan
	valid loss: nan
epoch 806 loss: nan
	valid loss: nan
epoch 807 loss: nan
	valid loss: nan
epoch 808 loss: nan
	valid loss: nan
epoch 809 loss: nan
	valid loss: nan
epoch 810 loss: nan
	valid loss: nan
epoch 811 loss: nan
	valid loss: nan
epoch 812 loss: nan
	valid loss: nan
epoch 813 loss: nan
	valid loss: nan
epoch 814 loss: nan
	valid loss: nan
epoch 815 loss: nan
	valid loss: nan
epoch 816 loss: nan
	valid loss: nan
epoch 817 loss: nan
	valid loss: nan
epoch 818 loss: nan
	valid loss: nan
epoch 819 loss: nan
	valid loss: nan
epoch 820 loss: nan
	valid loss: nan
epoch 821 loss: nan
	valid loss: nan
epoch 822 loss: nan
	valid loss: nan
epoch 823 loss: nan
	valid loss: nan
epoch 824 loss: nan
	valid loss: nan
epoch 825 loss: nan
	valid loss: nan
epoch 826 loss: nan
	valid loss: nan
epoch 827 loss: nan
	valid loss: nan
epoch 828 loss: nan
	valid loss: nan
epoch 829 loss: nan
	valid loss: nan
epoch 830 loss: nan
	valid loss: nan
epoch 831 loss: nan
	valid loss: nan
epoch 832 loss: nan
	valid loss: nan
epoch 833 loss: nan
	valid loss: nan
epoch 834 loss: nan
	valid loss: nan
epoch 835 loss: nan
	valid loss: nan
epoch 836 loss: nan
	valid loss: nan
epoch 837 loss: nan
	valid loss: nan
epoch 838 loss: nan
	valid loss: nan
epoch 839 loss: nan
	valid loss: nan
epoch 840 loss: nan
	valid loss: nan
epoch 841 loss: nan
	valid loss: nan
epoch 842 loss: nan
	valid loss: nan
epoch 843 loss: nan
	valid loss: nan
epoch 844 loss: nan
	valid loss: nan
epoch 845 loss: nan
	valid loss: nan
epoch 846 loss: nan
	valid loss: nan
epoch 847 loss: nan
	valid loss: nan
epoch 848 loss: nan
	valid loss: nan
epoch 849 loss: nan
	valid loss: nan
epoch 850 loss: nan
	valid loss: nan
epoch 851 loss: nan
	valid loss: nan
epoch 852 loss: nan
	valid loss: nan
epoch 853 loss: nan
	valid loss: nan
epoch 854 loss: nan
	valid loss: nan
epoch 855 loss: nan
	valid loss: nan
epoch 856 loss: nan
	valid loss: nan
epoch 857 loss: nan
	valid loss: nan
epoch 858 loss: nan
	valid loss: nan
epoch 859 loss: nan
	valid loss: nan
epoch 860 loss: nan
	valid loss: nan
epoch 861 loss: nan
	valid loss: nan
epoch 862 loss: nan
	valid loss: nan
epoch 863 loss: nan
	valid loss: nan
epoch 864 loss: nan
	valid loss: nan
epoch 865 loss: nan
	valid loss: nan
epoch 866 loss: nan
	valid loss: nan
epoch 867 loss: nan
	valid loss: nan
epoch 868 loss: nan
	valid loss: nan
epoch 869 loss: nan
	valid loss: nan
epoch 870 loss: nan
	valid loss: nan
epoch 871 loss: nan
	valid loss: nan
epoch 872 loss: nan
	valid loss: nan
epoch 873 loss: nan
	valid loss: nan
epoch 874 loss: nan
	valid loss: nan
epoch 875 loss: nan
	valid loss: nan
epoch 876 loss: nan
	valid loss: nan
epoch 877 loss: nan
	valid loss: nan
epoch 878 loss: nan
	valid loss: nan
epoch 879 loss: nan
	valid loss: nan
epoch 880 loss: nan
	valid loss: nan
epoch 881 loss: nan
	valid loss: nan
epoch 882 loss: nan
	valid loss: nan
epoch 883 loss: nan
	valid loss: nan
epoch 884 loss: nan
	valid loss: nan
epoch 885 loss: nan
	valid loss: nan
epoch 886 loss: nan
	valid loss: nan
epoch 887 loss: nan
	valid loss: nan
epoch 888 loss: nan
	valid loss: nan
epoch 889 loss: nan
	valid loss: nan
epoch 890 loss: nan
	valid loss: nan
epoch 891 loss: nan
	valid loss: nan
epoch 892 loss: nan
	valid loss: nan
epoch 893 loss: nan
	valid loss: nan
epoch 894 loss: nan
	valid loss: nan
epoch 895 loss: nan
	valid loss: nan
epoch 896 loss: nan
	valid loss: nan
epoch 897 loss: nan
	valid loss: nan
epoch 898 loss: nan
	valid loss: nan
epoch 899 loss: nan
	valid loss: nan
epoch 900 loss: nan
	valid loss: nan
epoch 901 loss: nan
	valid loss: nan
epoch 902 loss: nan
	valid loss: nan
epoch 903 loss: nan
	valid loss: nan
epoch 904 loss: nan
	valid loss: nan
epoch 905 loss: nan
	valid loss: nan
epoch 906 loss: nan
	valid loss: nan
epoch 907 loss: nan
	valid loss: nan
epoch 908 loss: nan
	valid loss: nan
epoch 909 loss: nan
	valid loss: nan
epoch 910 loss: nan
	valid loss: nan
epoch 911 loss: nan
	valid loss: nan
epoch 912 loss: nan
	valid loss: nan
epoch 913 loss: nan
	valid loss: nan
epoch 914 loss: nan
	valid loss: nan
epoch 915 loss: nan
	valid loss: nan
epoch 916 loss: nan
	valid loss: nan
epoch 917 loss: nan
	valid loss: nan
epoch 918 loss: nan
	valid loss: nan
epoch 919 loss: nan
	valid loss: nan
epoch 920 loss: nan
	valid loss: nan
epoch 921 loss: nan
	valid loss: nan
epoch 922 loss: nan
	valid loss: nan
epoch 923 loss: nan
	valid loss: nan
epoch 924 loss: nan
	valid loss: nan
epoch 925 loss: nan
	valid loss: nan
epoch 926 loss: nan
	valid loss: nan
epoch 927 loss: nan
	valid loss: nan
epoch 928 loss: nan
	valid loss: nan
epoch 929 loss: nan
	valid loss: nan
epoch 930 loss: nan
	valid loss: nan
epoch 931 loss: nan
	valid loss: nan
epoch 932 loss: nan
	valid loss: nan
epoch 933 loss: nan
	valid loss: nan
epoch 934 loss: nan
	valid loss: nan
epoch 935 loss: nan
	valid loss: nan
epoch 936 loss: nan
	valid loss: nan
epoch 937 loss: nan
	valid loss: nan
epoch 938 loss: nan
	valid loss: nan
epoch 939 loss: nan
	valid loss: nan
epoch 940 loss: nan
	valid loss: nan
epoch 941 loss: nan
	valid loss: nan
epoch 942 loss: nan
	valid loss: nan
epoch 943 loss: nan
	valid loss: nan
epoch 944 loss: nan
	valid loss: nan
epoch 945 loss: nan
	valid loss: nan
epoch 946 loss: nan
	valid loss: nan
epoch 947 loss: nan
	valid loss: nan
epoch 948 loss: nan
	valid loss: nan
epoch 949 loss: nan
	valid loss: nan
epoch 950 loss: nan
	valid loss: nan
epoch 951 loss: nan
	valid loss: nan
epoch 952 loss: nan
	valid loss: nan
epoch 953 loss: nan
	valid loss: nan
epoch 954 loss: nan
	valid loss: nan
epoch 955 loss: nan
	valid loss: nan
epoch 956 loss: nan
	valid loss: nan
epoch 957 loss: nan
	valid loss: nan
epoch 958 loss: nan
	valid loss: nan
epoch 959 loss: nan
	valid loss: nan
epoch 960 loss: nan
	valid loss: nan
epoch 961 loss: nan
	valid loss: nan
epoch 962 loss: nan
	valid loss: nan
epoch 963 loss: nan
	valid loss: nan
epoch 964 loss: nan
	valid loss: nan
epoch 965 loss: nan
	valid loss: nan
epoch 966 loss: nan
	valid loss: nan
epoch 967 loss: nan
	valid loss: nan
epoch 968 loss: nan
	valid loss: nan
epoch 969 loss: nan
	valid loss: nan
epoch 970 loss: nan
	valid loss: nan
epoch 971 loss: nan
	valid loss: nan
epoch 972 loss: nan
	valid loss: nan
epoch 973 loss: nan
	valid loss: nan
epoch 974 loss: nan
	valid loss: nan
epoch 975 loss: nan
	valid loss: nan
epoch 976 loss: nan
	valid loss: nan
epoch 977 loss: nan
	valid loss: nan
epoch 978 loss: nan
	valid loss: nan
epoch 979 loss: nan
	valid loss: nan
epoch 980 loss: nan
	valid loss: nan
epoch 981 loss: nan
	valid loss: nan
epoch 982 loss: nan
	valid loss: nan
epoch 983 loss: nan
	valid loss: nan
epoch 984 loss: nan
	valid loss: nan
epoch 985 loss: nan
	valid loss: nan
epoch 986 loss: nan
	valid loss: nan
epoch 987 loss: nan
	valid loss: nan
epoch 988 loss: nan
	valid loss: nan
epoch 989 loss: nan
	valid loss: nan
epoch 990 loss: nan
	valid loss: nan
epoch 991 loss: nan
	valid loss: nan
epoch 992 loss: nan
	valid loss: nan
epoch 993 loss: nan
	valid loss: nan
epoch 994 loss: nan
	valid loss: nan
epoch 995 loss: nan
	valid loss: nan
epoch 996 loss: nan
	valid loss: nan
epoch 997 loss: nan
	valid loss: nan
epoch 998 loss: nan
	valid loss: nan
epoch 999 loss: nan
	valid loss: nan
Estas finite!
""

Patro kaj frato.
""

Li estas mia frato.
""

Vi eraras, li respondis.
""

Tre bone, li diris; mi iros ŝin retrovi.
""

Vi tre vidas, ke ĝi ne povas stari.
""

Maldolĉa por la lango, sed saniga por la sango.
""

Malsaĝulo ne griziĝas nek senhariĝas.
""

Tion mi ĵuras sur la kapo de mia filo.
""

Mi havas neniun malamikon.
""

Nun ĝi tute pasis.
""

Li havas cerbon ne tro potencan.
""

Jes, sinjorino, respondis la administranto per tono jesanta kaj samtempe demanda.
""

Jes, veni tie-ĉi.
""

Mi diris al li, kie mi naskiĝis, kaj kie mi pasigis mian infanecon.
""

Karolino per larĝe malfermitaj, atentaj, penetremaj okuloj rigardis sian kamaradinon.
""

Oni sentis en aero fulmotondron: tio estis certa.
""

Ĉu vi scias, ke vi fariĝis treege bela?
""

Sed li lasis sin kondamni, ne ŝin perfidante.
""

Reĝino Kolardo, ŝi respondis, mordante siajn lipojn por ne ridi.
""

finished
